
ACO algorithms for the TSP, v1.03
	 OPTIONS:
  -t  --time with argument "1.000"
  -r  --tries with argument "1"
	Note: maximum number tours is set to default 0
      --seed with argument "888073572"
	Note: optimal solution value is set to default 1
  -i  --tsplibfile with argument "/workspaces/heuristic-scientific-research/src/irace/Instances/lin318.tsp"
ras_flag is set to 1, run rank-based Ant System
  -l  --localsearch with argument "3"
  -m  --ants with argument "5"
	Note: number of nearest neighbours in tour construction is set to default 20
  -a  --alpha with argument "0.630000"
  -b  --beta with argument "3.560000"
  -e  --rho with argument "0.470000"
	Note: q_0 is set to default 0
	Note: number of elitist ants is set to default n
  -m  --ants with argument "70"
  -k  --nnls with argument "23"
  -d  --dlb with argument "0"
Non-option arguments:

reading tsp-file /workspaces/heuristic-scientific-research/src/irace/Instances/lin318.tsp ... 

EUC_2D
EUC_2D
calculating distance matrix ..

 .. done

Parameter-settings: 

max_tries		 1
max_tours		 0
max_time		 1.00
seed		 888073572
optimum			 1
n_ants			 5
nn_ants			 20
alpha			 0.63
beta			 3.56
rho			 0.47
q_0			 0.00
elitist_ants		 0
ras_ranks		 70
ls_flag			 3
nn_ls			 23
dlb_flag		 0
as_flag			 0
eas_flag		 0
ras_flag		 1
mmas_flag		 0
bwas_flag		 0
acs_flag		 0

allocate ants' memory ..

 .. done
Initialization took 0.0071820000 seconds
best 42992, iteration: 1, time 0.01
best 42644, iteration: 3, time 0.02
best 42465, iteration: 4, time 0.02
best 42396, iteration: 72, time 0.28
best 42264, iteration: 81, time 0.31
best 42237, iteration: 97, time 0.38

best so far 42237, iteration: 100, time 0.39, b_fac 1.48428
try 0, iteration 100, b-fac 1.484277 


best so far 42237, iteration: 200, time 0.77, b_fac 1.51572
try 0, iteration 200, b-fac 1.515723 

