
ACO algorithms for the TSP, v1.03
	 OPTIONS:
  -t  --time with argument "1.000"
  -r  --tries with argument "1"
	Note: maximum number tours is set to default 0
      --seed with argument "904532044"
	Note: optimal solution value is set to default 1
  -i  --tsplibfile with argument "/workspaces/heuristic-scientific-research/src/irace/Instances/lin318.tsp"
ras_flag is set to 1, run rank-based Ant System
  -l  --localsearch with argument "0"
  -m  --ants with argument "5"
	Note: number of nearest neighbours in tour construction is set to default 20
  -a  --alpha with argument "3.070000"
  -b  --beta with argument "5.020000"
  -e  --rho with argument "0.700000"
	Note: q_0 is set to default 0
	Note: number of elitist ants is set to default n
  -m  --ants with argument "78"
	Note: number nearest neighbours in local search is set to default 20
	Note: dlb flag is set to default 1 (use don't look bits)
Non-option arguments:

reading tsp-file /workspaces/heuristic-scientific-research/src/irace/Instances/lin318.tsp ... 

EUC_2D
EUC_2D
calculating distance matrix ..

 .. done

Parameter-settings: 

max_tries		 1
max_tours		 0
max_time		 1.00
seed		 904532044
optimum			 1
n_ants			 5
nn_ants			 20
alpha			 3.07
beta			 5.02
rho			 0.70
q_0			 0.00
elitist_ants		 0
ras_ranks		 78
ls_flag			 0
nn_ls			 20
dlb_flag		 1
as_flag			 0
eas_flag		 0
ras_flag		 1
mmas_flag		 0
bwas_flag		 0
acs_flag		 0

allocate ants' memory ..

 .. done
Initialization took 0.0065750000 seconds
best 54979, iteration: 1, time 0.00
best 54039, iteration: 2, time 0.01
best 53458, iteration: 51, time 0.13
best 53451, iteration: 75, time 0.19

best so far 53451, iteration: 100, time 0.26, b_fac 1.02044
try 0, iteration 100, b-fac 1.020440 

best 53383, iteration: 154, time 0.42
best 52412, iteration: 157, time 0.43
best 52225, iteration: 194, time 0.62

best so far 52225, iteration: 200, time 0.64, b_fac 1.01415
try 0, iteration 200, b-fac 1.014151 

best 51812, iteration: 218, time 0.69
