
ACO algorithms for the TSP, v1.03
	 OPTIONS:
  -t  --time with argument "10.000"
  -r  --tries with argument "1"
	Note: maximum number tours is set to default 0
      --seed with argument "1324488616"
	Note: optimal solution value is set to default 1
  -i  --tsplibfile with argument "/workspaces/heuristic-scientific-research/src/irace/Instances/lin318.tsp"
eas_flag is set to 1, run elitist Ant System
  -l  --localsearch with argument "3"
  -m  --ants with argument "62"
	Note: number of nearest neighbours in tour construction is set to default 20
  -a  --alpha with argument "0.760000"
  -b  --beta with argument "2.410000"
  -e  --rho with argument "0.730000"
	Note: q_0 is set to default 0
  -m  --ants with argument "20"
	Note: number of ranks is set to default 0
  -k  --nnls with argument "30"
  -d  --dlb with argument "0"
Non-option arguments:

reading tsp-file /workspaces/heuristic-scientific-research/src/irace/Instances/lin318.tsp ... 

EUC_2D
EUC_2D
calculating distance matrix ..

 .. done

Parameter-settings: 

max_tries		 1
max_tours		 0
max_time		 10.00
seed		 1324488616
optimum			 1
n_ants			 62
nn_ants			 20
alpha			 0.76
beta			 2.41
rho			 0.73
q_0			 0.00
elitist_ants		 20
ras_ranks		 0
ls_flag			 3
nn_ls			 30
dlb_flag		 0
as_flag			 0
eas_flag		 1
ras_flag		 0
mmas_flag		 0
bwas_flag		 0
acs_flag		 0

allocate ants' memory ..

 .. done
Initialization took 0.0068230000 seconds
best 42382, iteration: 1, time 0.06
best 42264, iteration: 15, time 0.86
best 42210, iteration: 87, time 4.71
best 42135, iteration: 95, time 5.12

best so far 42135, iteration: 100, time 5.38, b_fac 1.76258
try 0, iteration 100, b-fac 1.762579 

