
ACO algorithms for the TSP, v1.03
	 OPTIONS:
  -t  --time with argument "1.000"
  -r  --tries with argument "1"
	Note: maximum number tours is set to default 0
      --seed with argument "1942074619"
	Note: optimal solution value is set to default 1
  -i  --tsplibfile with argument "/workspaces/heuristic-scientific-research/src/irace/Instances/lin318.tsp"
acs_flag is set to 1, run Ant Colony System
  -l  --localsearch with argument "1"
  -m  --ants with argument "82"
	Note: number of nearest neighbours in tour construction is set to default 20
  -a  --alpha with argument "1.830000"
  -b  --beta with argument "3.660000"
  -e  --rho with argument "0.460000"
  -q  --q0 with argument "0.100000"
	Note: number of elitist ants is set to default n
	Note: number of ranks is set to default 0
  -k  --nnls with argument "15"
  -d  --dlb with argument "1"
Non-option arguments:

reading tsp-file /workspaces/heuristic-scientific-research/src/irace/Instances/lin318.tsp ... 

EUC_2D
EUC_2D
calculating distance matrix ..

 .. done

Parameter-settings: 

max_tries		 1
max_tours		 0
max_time		 1.00
seed		 1942074619
optimum			 1
n_ants			 82
nn_ants			 20
alpha			 1.83
beta			 3.66
rho			 0.46
q_0			 0.10
elitist_ants		 0
ras_ranks		 0
ls_flag			 1
nn_ls			 15
dlb_flag		 1
as_flag			 0
eas_flag		 0
ras_flag		 0
mmas_flag		 0
bwas_flag		 0
acs_flag		 1

allocate ants' memory ..

 .. done
Initialization took 0.0070750000 seconds
best 44228, iteration: 1, time 0.01
best 43753, iteration: 2, time 0.02
best 43527, iteration: 3, time 0.03
best 43398, iteration: 6, time 0.05
best 43290, iteration: 7, time 0.06
best 43016, iteration: 16, time 0.13
best 43011, iteration: 19, time 0.16
best 42846, iteration: 21, time 0.17
best 42750, iteration: 22, time 0.18
best 42653, iteration: 25, time 0.21
best 42593, iteration: 37, time 0.31
best 42539, iteration: 45, time 0.37
best 42518, iteration: 47, time 0.39
